<?xml version="1.0" encoding="UTF-8" ?>
<testsuite errors="2" failures="0" hostname="na1dpkapl1111v.na.pubgroupe.net" name="com.duck.tests.VideoPopAflac" tests="1" time="0.433" timestamp="2014-03-13T13:52:59">
  <properties>
    <property name="java.vendor" value="Sun Microsystems Inc." />
    <property name="env.SESSION_MANAGER" value="local/unix:@/tmp/.ICE-unix/3363,unix/unix:/tmp/.ICE-unix/3363" />
    <property name="sun.java.launcher" value="SUN_STANDARD" />
    <property name="eclipse.pdebuild.templates" value="/usr/lib64/eclipse/dropins/sdk/plugins/org.eclipse.pde.build_3.6.1.R36x_v20100823/templates//" />
    <property name="sun.management.compiler" value="HotSpot 64-Bit Tiered Compilers" />
    <property name="os.name" value="Linux" />
    <property name="sun.boot.class.path" value="/usr/lib/jvm/java-1.6.0-openjdk-1.6.0.0.x86_64/jre/lib/resources.jar:/usr/lib/jvm/java-1.6.0-openjdk-1.6.0.0.x86_64/jre/lib/rt.jar:/usr/lib/jvm/java-1.6.0-openjdk-1.6.0.0.x86_64/jre/lib/sunrsasign.jar:/usr/lib/jvm/java-1.6.0-openjdk-1.6.0.0.x86_64/jre/lib/jsse.jar:/usr/lib/jvm/java-1.6.0-openjdk-1.6.0.0.x86_64/jre/lib/jce.jar:/usr/lib/jvm/java-1.6.0-openjdk-1.6.0.0.x86_64/jre/lib/charsets.jar:/usr/lib/jvm/java-1.6.0-openjdk-1.6.0.0.x86_64/jre/lib/netx.jar:/usr/lib/jvm/java-1.6.0-openjdk-1.6.0.0.x86_64/jre/lib/plugin.jar:/usr/lib/jvm/java-1.6.0-openjdk-1.6.0.0.x86_64/jre/lib/rhino.jar:/usr/lib/jvm/java-1.6.0-openjdk-1.6.0.0.x86_64/jre/lib/modules/jdk.boot.jar:/usr/lib/jvm/java-1.6.0-openjdk-1.6.0.0.x86_64/jre/classes" />
    <property name="env.PWD" value="/home/ewillis" />
    <property name="env.XDG_SESSION_COOKIE" value="111af4980367463b94ec6e3a00000011-1393603540.874074-1736422679" />
    <property name="sun.desktop" value="gnome" />
    <property name="env.LANG" value="en_US.UTF-8" />
    <property name="java.vm.specification.vendor" value="Sun Microsystems Inc." />
    <property name="ant.home" value="/usr/lib64/eclipse/plugins/org.apache.ant_1.7.1.v20100518-1145" />
    <property name="java.runtime.version" value="1.6.0_24-b24" />
    <property name="env.DISPLAY" value=":15.0" />
    <property name="user.name" value="ewillis" />
    <property name="env._" value="/usr/lib64/eclipse/eclipse" />
    <property name="env.USER" value="ewillis" />
    <property name="env.SHELL" value="/bin/bash" />
    <property name="env.UID" value="510" />
    <property name="env.NLSPATH" value="/usr/dt/lib/nls/msg/%L/%N.cat" />
    <property name="env.PATH" value="/bin:/usr/bin:/usr/X11R6/bin:/usr/local/bin" />
    <property name="user.language" value="en" />
    <property name="sun.boot.library.path" value="/usr/lib/jvm/java-1.6.0-openjdk-1.6.0.0.x86_64/jre/lib/amd64" />
    <property name="ant.project.name" value="Duck" />
    <property name="java.version" value="1.6.0_24" />
    <property name="user.timezone" value="" />
    <property name="env.DBUS_SESSION_BUS_ADDRESS" value="unix:abstract=/tmp/dbus-PP7LjzyBem,guid=0954dabade807209d217d1f900728f4f" />
    <property name="sun.arch.data.model" value="64" />
    <property name="env.SSH_AGENT_PID" value="3364" />
    <property name="java.endorsed.dirs" value="/usr/lib/jvm/java-1.6.0-openjdk-1.6.0.0.x86_64/jre/lib/endorsed" />
    <property name="sun.cpu.isalist" value="" />
    <property name="sun.jnu.encoding" value="UTF-8" />
    <property name="file.encoding.pkg" value="sun.io" />
    <property name="env.SHLVL" value="1" />
    <property name="ECLIPSE_HOME" value="../../../../usr/lib64/eclipse" />
    <property name="file.separator" value="/" />
    <property name="java.specification.name" value="Java Platform API Specification" />
    <property name="env.GNOME_DESKTOP_SESSION_ID" value="this-is-deprecated" />
    <property name="java.class.version" value="50.0" />
    <property name="user.country" value="US" />
    <property name="java.home" value="/usr/lib/jvm/java-1.6.0-openjdk-1.6.0.0.x86_64/jre" />
    <property name="java.vm.info" value="mixed mode" />
    <property name="ant.file" value="/home/ewillis/workspace/Duck/build.xml" />
    <property name="os.version" value="2.6.32-358.23.2.el6.x86_64" />
    <property name="path.separator" value=":" />
    <property name="java.vm.version" value="20.0-b12" />
    <property name="ant.library.dir" value="/usr/lib64/eclipse/plugins/org.apache.ant_1.7.1.v20100518-1145/lib" />
    <property name="junit.output.dir" value="junit" />
    <property name="java.awt.printerjob" value="sun.print.PSPrinterJob" />
    <property name="sun.io.unicode.encoding" value="UnicodeLittle" />
    <property name="eclipse.pdebuild.scripts" value="/usr/lib64/eclipse/dropins/sdk/plugins/org.eclipse.pde.build_3.6.1.R36x_v20100823/scripts//" />
    <property name="user.home" value="/home/ewillis" />
    <property name="target" value="1.6" />
    <property name="java.specification.vendor" value="Sun Microsystems Inc." />
    <property name="java.library.path" value="/usr/lib/jvm/java-1.6.0-openjdk-1.6.0.0.x86_64/jre/lib/amd64/server:/usr/lib/jvm/java-1.6.0-openjdk-1.6.0.0.x86_64/jre/lib/amd64:/usr/lib/jvm/java-1.6.0-openjdk-1.6.0.0.x86_64/jre/../lib/amd64:/usr/java/packages/lib/amd64:/usr/lib64:/lib64:/lib:/usr/lib" />
    <property name="java.vendor.url" value="http://java.sun.com/" />
    <property name="java.vm.vendor" value="Sun Microsystems Inc." />
    <property name="java.runtime.name" value="OpenJDK Runtime Environment" />
    <property name="ant.file.Duck" value="/home/ewillis/workspace/Duck/build.xml" />
    <property name="sun.java.command" value="org.apache.tools.ant.taskdefs.optional.junit.JUnitTestRunner com.duck.tests.VideoPopAflac filtertrace=true haltOnError=false haltOnFailure=false formatter=org.apache.tools.ant.taskdefs.optional.junit.OutErrSummaryJUnitResultFormatter showoutput=false outputtoformatters=true logtestlistenerevents=true formatter=org.apache.tools.ant.taskdefs.optional.junit.XMLJUnitResultFormatter,/home/ewillis/workspace/Duck/junit/TEST-com.duck.tests.VideoPopAflac.xml crashfile=/home/ewillis/workspace/Duck/junitvmwatcher6435140433504905465.properties propsfile=/home/ewillis/workspace/Duck/junit8416535227033706626.properties" />
    <property name="java.class.path" value="/home/ewillis/workspace/Duck/bin:/home/ewillis/Documents/selenium-server-standalone-2.38.0.jar:/usr/share/eclipse/dropins/junit-4.11.jar:/usr/share/java/ant-launcher-1.7.1.jar:/usr/share/java/ant-1.7.1.jar:/usr/share/java/ant/ant-junit-1.7.1.jar" />
    <property name="ant.version" value="Apache Ant version 1.7.1 compiled on August 24 2010" />
    <property name="env.XFILESEARCHPATH" value="/usr/dt/app-defaults/%L/Dt" />
    <property name="java.vm.specification.name" value="Java Virtual Machine Specification" />
    <property name="java.vm.specification.version" value="1.0" />
    <property name="sun.cpu.endian" value="little" />
    <property name="env.GTK_RC_FILES" value="/etc/gtk/gtkrc:/home/ewillis/.gtkrc-1.2-gnome2" />
    <property name="sun.os.patch.level" value="unknown" />
    <property name="debuglevel" value="source,lines,vars" />
    <property name="env.HOME" value="/home/ewillis" />
    <property name="env.ANT_HOME" value="/usr/lib64/eclipse/plugins/org.apache.ant_1.7.1.v20100518-1145" />
    <property name="env.LD_LIBRARY_PATH" value="/usr/lib/jvm/java-1.6.0-openjdk-1.6.0.0.x86_64/jre/lib/amd64/server:/usr/lib/jvm/java-1.6.0-openjdk-1.6.0.0.x86_64/jre/lib/amd64:/usr/lib/jvm/java-1.6.0-openjdk-1.6.0.0.x86_64/jre/../lib/amd64" />
    <property name="java.io.tmpdir" value="/tmp" />
    <property name="eclipse.pdebuild.home" value="/usr/lib64/eclipse/dropins/sdk/plugins/org.eclipse.pde.build_3.6.1.R36x_v20100823/.//" />
    <property name="java.vendor.url.bug" value="http://java.sun.com/cgi-bin/bugreport.cgi" />
    <property name="env.SSH_AUTH_SOCK" value="/tmp/keyring-7PNWGl/socket.ssh" />
    <property name="os.arch" value="amd64" />
    <property name="java.awt.graphicsenv" value="sun.awt.X11GraphicsEnvironment" />
    <property name="java.ext.dirs" value="/usr/lib/jvm/java-1.6.0-openjdk-1.6.0.0.x86_64/jre/lib/ext:/usr/java/packages/lib/ext" />
    <property name="user.dir" value="/home/ewillis/workspace/Duck" />
    <property name="line.separator" value="
" />
    <property name="java.vm.name" value="OpenJDK 64-Bit Server VM" />
    <property name="basedir" value="/home/ewillis/workspace/Duck" />
    <property name="ant.java.version" value="1.6" />
    <property name="env.ORBIT_SOCKETDIR" value="/tmp/orbit-ewillis" />
    <property name="ant.core.lib" value="/usr/share/java/ant-1.7.1.jar" />
    <property name="source" value="1.6" />
    <property name="file.encoding" value="UTF-8" />
    <property name="env.GNOME_KEYRING_SOCKET" value="/tmp/keyring-7PNWGl/socket" />
    <property name="java.specification.version" value="1.6" />
  </properties>
  <testcase classname="com.duck.tests.VideoPopAflac" name="testPageLoadsAflac" time="0.299">
    <error message="Could not start a new session. Possible causes are invalid address of the remote server or browser start-up failure.
Build info: version: &apos;2.38.0&apos;, revision: &apos;bd32d4e&apos;, time: &apos;2013-12-05 16:15:38&apos;
System info: host: &apos;na1dpkapl1111v.na.pubgroupe.net&apos;, ip: &apos;10.10.10.34&apos;, os.name: &apos;Linux&apos;, os.arch: &apos;amd64&apos;, os.version: &apos;2.6.32-358.23.2.el6.x86_64&apos;, java.version: &apos;1.6.0_24&apos;
Driver info: driver.version: RemoteWebDriver" type="org.openqa.selenium.remote.UnreachableBrowserException">org.openqa.selenium.remote.UnreachableBrowserException: Could not start a new session. Possible causes are invalid address of the remote server or browser start-up failure.
Build info: version: &apos;2.38.0&apos;, revision: &apos;bd32d4e&apos;, time: &apos;2013-12-05 16:15:38&apos;
System info: host: &apos;na1dpkapl1111v.na.pubgroupe.net&apos;, ip: &apos;10.10.10.34&apos;, os.name: &apos;Linux&apos;, os.arch: &apos;amd64&apos;, os.version: &apos;2.6.32-358.23.2.el6.x86_64&apos;, java.version: &apos;1.6.0_24&apos;
Driver info: driver.version: RemoteWebDriver
	at org.openqa.selenium.remote.RemoteWebDriver.execute(RemoteWebDriver.java:548)
	at org.openqa.selenium.remote.RemoteWebDriver.startSession(RemoteWebDriver.java:216)
	at org.openqa.selenium.remote.RemoteWebDriver.&lt;init&gt;(RemoteWebDriver.java:111)
	at org.openqa.selenium.remote.RemoteWebDriver.&lt;init&gt;(RemoteWebDriver.java:129)
	at com.duck.tests.VideoPopAflac.setUp(VideoPopAflac.java:54)
Caused by: java.net.ConnectException: Connection refused
	at java.net.PlainSocketImpl.socketConnect(Native Method)
	at java.net.AbstractPlainSocketImpl.doConnect(AbstractPlainSocketImpl.java:327)
	at java.net.AbstractPlainSocketImpl.connectToAddress(AbstractPlainSocketImpl.java:193)
	at java.net.AbstractPlainSocketImpl.connect(AbstractPlainSocketImpl.java:180)
	at java.net.SocksSocketImpl.connect(SocksSocketImpl.java:385)
	at java.net.Socket.connect(Socket.java:546)
	at org.apache.http.conn.scheme.PlainSocketFactory.connectSocket(PlainSocketFactory.java:117)
	at org.apache.http.impl.conn.DefaultClientConnectionOperator.openConnection(DefaultClientConnectionOperator.java:178)
	at org.apache.http.impl.conn.AbstractPoolEntry.open(AbstractPoolEntry.java:144)
	at org.apache.http.impl.conn.AbstractPooledConnAdapter.open(AbstractPooledConnAdapter.java:131)
	at org.apache.http.impl.client.DefaultRequestDirector.tryConnect(DefaultRequestDirector.java:610)
	at org.apache.http.impl.client.DefaultRequestDirector.execute(DefaultRequestDirector.java:445)
	at org.apache.http.impl.client.AbstractHttpClient.doExecute(AbstractHttpClient.java:863)
	at org.apache.http.impl.client.CloseableHttpClient.execute(CloseableHttpClient.java:72)
	at org.apache.http.impl.client.CloseableHttpClient.execute(CloseableHttpClient.java:57)
	at org.openqa.selenium.remote.HttpCommandExecutor.fallBackExecute(HttpCommandExecutor.java:319)
	at org.openqa.selenium.remote.HttpCommandExecutor.execute(HttpCommandExecutor.java:298)
	at org.openqa.selenium.remote.RemoteWebDriver.execute(RemoteWebDriver.java:527)
</error>
    <error type="java.lang.NullPointerException">java.lang.NullPointerException
	at com.duck.tests.VideoPopAflac.tearDown(VideoPopAflac.java:116)
</error>
  </testcase>
  <system-out><![CDATA[]]></system-out>
  <system-err><![CDATA[]]></system-err>
</testsuite>
