<?xml version="1.0" encoding="UTF-8" ?>
<testsuite errors="1" failures="0" hostname="na1dpkapl1111v.na.pubgroupe.net" name="com.duck.tests.BrowserStack" tests="1" time="13.088" timestamp="2014-03-13T14:37:41">
  <properties>
    <property name="java.vendor" value="Sun Microsystems Inc." />
    <property name="env.SESSION_MANAGER" value="local/unix:@/tmp/.ICE-unix/3363,unix/unix:/tmp/.ICE-unix/3363" />
    <property name="env.LESSOPEN" value="|/usr/bin/lesspipe.sh %s" />
    <property name="sun.java.launcher" value="SUN_STANDARD" />
    <property name="sun.management.compiler" value="HotSpot 64-Bit Tiered Compilers" />
    <property name="os.name" value="Linux" />
    <property name="sun.boot.class.path" value="/usr/lib/jvm/java-1.6.0-openjdk-1.6.0.0.x86_64/jre/lib/resources.jar:/usr/lib/jvm/java-1.6.0-openjdk-1.6.0.0.x86_64/jre/lib/rt.jar:/usr/lib/jvm/java-1.6.0-openjdk-1.6.0.0.x86_64/jre/lib/sunrsasign.jar:/usr/lib/jvm/java-1.6.0-openjdk-1.6.0.0.x86_64/jre/lib/jsse.jar:/usr/lib/jvm/java-1.6.0-openjdk-1.6.0.0.x86_64/jre/lib/jce.jar:/usr/lib/jvm/java-1.6.0-openjdk-1.6.0.0.x86_64/jre/lib/charsets.jar:/usr/lib/jvm/java-1.6.0-openjdk-1.6.0.0.x86_64/jre/lib/netx.jar:/usr/lib/jvm/java-1.6.0-openjdk-1.6.0.0.x86_64/jre/lib/plugin.jar:/usr/lib/jvm/java-1.6.0-openjdk-1.6.0.0.x86_64/jre/lib/rhino.jar:/usr/lib/jvm/java-1.6.0-openjdk-1.6.0.0.x86_64/jre/lib/modules/jdk.boot.jar:/usr/lib/jvm/java-1.6.0-openjdk-1.6.0.0.x86_64/jre/classes" />
    <property name="env.PWD" value="/home/ewillis/workspace/Duck" />
    <property name="env.XDG_SESSION_COOKIE" value="111af4980367463b94ec6e3a00000011-1393603540.874074-1736422679" />
    <property name="sun.desktop" value="gnome" />
    <property name="env.LANG" value="en_US.UTF-8" />
    <property name="java.vm.specification.vendor" value="Sun Microsystems Inc." />
    <property name="ant.home" value="/usr/share/ant" />
    <property name="java.runtime.version" value="1.6.0_24-b24" />
    <property name="env.DISPLAY" value=":15.0" />
    <property name="user.name" value="ewillis" />
    <property name="env.USER" value="ewillis" />
    <property name="env.SHELL" value="/bin/bash" />
    <property name="env.UID" value="510" />
    <property name="env.NLSPATH" value="/usr/dt/lib/nls/msg/%L/%N.cat" />
    <property name="env.PATH" value="/bin:/usr/bin:/usr/X11R6/bin:/usr/local/bin:/var/cfengine/bin" />
    <property name="user.language" value="en" />
    <property name="sun.boot.library.path" value="/usr/lib/jvm/java-1.6.0-openjdk-1.6.0.0.x86_64/jre/lib/amd64" />
    <property name="ant.project.name" value="Duck" />
    <property name="java.version" value="1.6.0_24" />
    <property name="user.timezone" value="" />
    <property name="env.DBUS_SESSION_BUS_ADDRESS" value="unix:abstract=/tmp/dbus-PP7LjzyBem,guid=0954dabade807209d217d1f900728f4f" />
    <property name="sun.arch.data.model" value="64" />
    <property name="env.SSH_AGENT_PID" value="3364" />
    <property name="java.endorsed.dirs" value="/usr/lib/jvm/java-1.6.0-openjdk-1.6.0.0.x86_64/jre/lib/endorsed" />
    <property name="sun.cpu.isalist" value="" />
    <property name="sun.jnu.encoding" value="UTF-8" />
    <property name="file.encoding.pkg" value="sun.io" />
    <property name="env.SHLVL" value="1" />
    <property name="ECLIPSE_HOME" value="../../../../usr/lib64/eclipse" />
    <property name="file.separator" value="/" />
    <property name="java.specification.name" value="Java Platform API Specification" />
    <property name="env.GNOME_DESKTOP_SESSION_ID" value="this-is-deprecated" />
    <property name="java.class.version" value="50.0" />
    <property name="user.country" value="US" />
    <property name="java.home" value="/usr/lib/jvm/java-1.6.0-openjdk-1.6.0.0.x86_64/jre" />
    <property name="java.vm.info" value="mixed mode" />
    <property name="ant.file" value="/home/ewillis/workspace/Duck/build.xml" />
    <property name="os.version" value="2.6.32-358.23.2.el6.x86_64" />
    <property name="env.G_BROKEN_FILENAMES" value="1" />
    <property name="path.separator" value=":" />
    <property name="java.vm.version" value="20.0-b12" />
    <property name="ant.library.dir" value="/usr/share/ant/lib" />
    <property name="junit.output.dir" value="junit" />
    <property name="java.awt.printerjob" value="sun.print.PSPrinterJob" />
    <property name="env.TERM" value="xterm" />
    <property name="sun.io.unicode.encoding" value="UnicodeLittle" />
    <property name="env.MANPATH" value=":/var/cfengine/share/man" />
    <property name="user.home" value="/home/ewillis" />
    <property name="target" value="1.6" />
    <property name="java.specification.vendor" value="Sun Microsystems Inc." />
    <property name="env.WINDOWID" value="41943043" />
    <property name="java.library.path" value="/usr/lib/jvm/java-1.6.0-openjdk-1.6.0.0.x86_64/jre/lib/amd64/server:/usr/lib/jvm/java-1.6.0-openjdk-1.6.0.0.x86_64/jre/lib/amd64:/usr/lib/jvm/java-1.6.0-openjdk-1.6.0.0.x86_64/jre/../lib/amd64:/usr/java/packages/lib/amd64:/usr/lib64:/lib64:/lib:/usr/lib" />
    <property name="java.vendor.url" value="http://java.sun.com/" />
    <property name="java.vm.vendor" value="Sun Microsystems Inc." />
    <property name="java.runtime.name" value="OpenJDK Runtime Environment" />
    <property name="ant.file.Duck" value="/home/ewillis/workspace/Duck/build.xml" />
    <property name="sun.java.command" value="org.apache.tools.ant.taskdefs.optional.junit.JUnitTestRunner com.duck.tests.BrowserStack filtertrace=true haltOnError=false haltOnFailure=false formatter=org.apache.tools.ant.taskdefs.optional.junit.OutErrSummaryJUnitResultFormatter showoutput=false outputtoformatters=true logtestlistenerevents=true formatter=org.apache.tools.ant.taskdefs.optional.junit.XMLJUnitResultFormatter,/home/ewillis/workspace/Duck/junit/TEST-com.duck.tests.BrowserStack.xml crashfile=/home/ewillis/workspace/Duck/junitvmwatcher8440555269996131943.properties propsfile=/home/ewillis/workspace/Duck/junit4515829427275210895.properties" />
    <property name="java.class.path" value="/home/ewillis/workspace/Duck/bin:/home/ewillis/Documents/selenium-server-standalone-2.38.0.jar:/usr/share/eclipse/dropins/junit-4.11.jar:/usr/share/java/junit-3.8.2.jar:/usr/share/java/ant-launcher-1.7.1.jar:/usr/share/java/ant-1.7.1.jar:/usr/share/java/ant/ant-junit-1.7.1.jar" />
    <property name="ant.version" value="Apache Ant version 1.7.1 compiled on August 24 2010" />
    <property name="env.CVS_RSH" value="ssh" />
    <property name="env.XFILESEARCHPATH" value="/usr/dt/app-defaults/%L/Dt" />
    <property name="java.vm.specification.name" value="Java Virtual Machine Specification" />
    <property name="java.vm.specification.version" value="1.0" />
    <property name="sun.os.patch.level" value="unknown" />
    <property name="sun.cpu.endian" value="little" />
    <property name="env.GTK_RC_FILES" value="/etc/gtk/gtkrc:/home/ewillis/.gtkrc-1.2-gnome2" />
    <property name="env.HOME" value="/home/ewillis" />
    <property name="debuglevel" value="source,lines,vars" />
    <property name="env.LD_LIBRARY_PATH" value="/usr/lib/jvm/java-1.6.0-openjdk-1.6.0.0.x86_64/jre/lib/amd64/server:/usr/lib/jvm/java-1.6.0-openjdk-1.6.0.0.x86_64/jre/lib/amd64:/usr/lib/jvm/java-1.6.0-openjdk-1.6.0.0.x86_64/jre/../lib/amd64" />
    <property name="java.io.tmpdir" value="/tmp" />
    <property name="env.LS_COLORS" value="rs=0:di=01;34:ln=01;36:mh=00:pi=40;33:so=01;35:do=01;35:bd=40;33;01:cd=40;33;01:or=40;31;01:mi=01;05;37;41:su=37;41:sg=30;43:ca=30;41:tw=30;42:ow=34;42:st=37;44:ex=01;32:*.tar=01;31:*.tgz=01;31:*.arj=01;31:*.taz=01;31:*.lzh=01;31:*.lzma=01;31:*.tlz=01;31:*.txz=01;31:*.zip=01;31:*.z=01;31:*.Z=01;31:*.dz=01;31:*.gz=01;31:*.lz=01;31:*.xz=01;31:*.bz2=01;31:*.tbz=01;31:*.tbz2=01;31:*.bz=01;31:*.tz=01;31:*.deb=01;31:*.rpm=01;31:*.jar=01;31:*.rar=01;31:*.ace=01;31:*.zoo=01;31:*.cpio=01;31:*.7z=01;31:*.rz=01;31:*.jpg=01;35:*.jpeg=01;35:*.gif=01;35:*.bmp=01;35:*.pbm=01;35:*.pgm=01;35:*.ppm=01;35:*.tga=01;35:*.xbm=01;35:*.xpm=01;35:*.tif=01;35:*.tiff=01;35:*.png=01;35:*.svg=01;35:*.svgz=01;35:*.mng=01;35:*.pcx=01;35:*.mov=01;35:*.mpg=01;35:*.mpeg=01;35:*.m2v=01;35:*.mkv=01;35:*.ogm=01;35:*.mp4=01;35:*.m4v=01;35:*.mp4v=01;35:*.vob=01;35:*.qt=01;35:*.nuv=01;35:*.wmv=01;35:*.asf=01;35:*.rm=01;35:*.rmvb=01;35:*.flc=01;35:*.avi=01;35:*.fli=01;35:*.flv=01;35:*.gl=01;35:*.dl=01;35:*.xcf=01;35:*.xwd=01;35:*.yuv=01;35:*.cgm=01;35:*.emf=01;35:*.axv=01;35:*.anx=01;35:*.ogv=01;35:*.ogx=01;35:*.aac=01;36:*.au=01;36:*.flac=01;36:*.mid=01;36:*.midi=01;36:*.mka=01;36:*.mp3=01;36:*.mpc=01;36:*.ogg=01;36:*.ra=01;36:*.wav=01;36:*.axa=01;36:*.oga=01;36:*.spx=01;36:*.xspf=01;36:" />
    <property name="java.vendor.url.bug" value="http://java.sun.com/cgi-bin/bugreport.cgi" />
    <property name="env.SSH_AUTH_SOCK" value="/tmp/keyring-7PNWGl/socket.ssh" />
    <property name="java.awt.graphicsenv" value="sun.awt.X11GraphicsEnvironment" />
    <property name="os.arch" value="amd64" />
    <property name="java.ext.dirs" value="/usr/lib/jvm/java-1.6.0-openjdk-1.6.0.0.x86_64/jre/lib/ext:/usr/java/packages/lib/ext" />
    <property name="user.dir" value="/home/ewillis/workspace/Duck" />
    <property name="line.separator" value="
" />
    <property name="java.vm.name" value="OpenJDK 64-Bit Server VM" />
    <property name="env.COLORTERM" value="gnome-terminal" />
    <property name="basedir" value="/home/ewillis/workspace/Duck" />
    <property name="ant.java.version" value="1.6" />
    <property name="env.ORBIT_SOCKETDIR" value="/tmp/orbit-ewillis" />
    <property name="ant.core.lib" value="/usr/share/java/ant-1.7.1.jar" />
    <property name="source" value="1.6" />
    <property name="file.encoding" value="UTF-8" />
    <property name="env.GNOME_KEYRING_SOCKET" value="/tmp/keyring-7PNWGl/socket" />
    <property name="java.specification.version" value="1.6" />
    <property name="env.SSH_ASKPASS" value="/usr/libexec/openssh/gnome-ssh-askpass" />
  </properties>
  <testcase classname="com.duck.tests.BrowserStack" name="testPageLoadsBrowserStack" time="12.956">
    <error message="Element is no longer valid (WARNING: The server did not provide any stacktrace information)
Command duration or timeout: 110 milliseconds
For documentation on this error, please visit: http://seleniumhq.org/exceptions/stale_element_reference.html
Build info: version: &apos;2.39.0&apos;, revision: &apos;ff23eac&apos;, time: &apos;2013-12-16 16:11:15&apos;
System info: host: &apos;ip-0A7639FA&apos;, ip: &apos;208.52.148.85&apos;, os.name: &apos;windows&apos;, os.arch: &apos;x86&apos;, os.version: &apos;5.2&apos;, java.version: &apos;1.7.0_51&apos;
Session ID: 7a1453f0-05a9-49af-b0e0-704cd2c0318f
Driver info: org.openqa.selenium.ie.InternetExplorerDriver
Capabilities [{platform=WINDOWS, javascriptEnabled=true, elementScrollBehavior=0, ignoreZoomSetting=false, enablePersistentHover=true, ie.ensureCleanSession=false, browserName=internet explorer, enableElementCacheCleanup=true, unexpectedAlertBehaviour=dismiss, version=7, ie.usePerProcessProxy=false, cssSelectorsEnabled=true, ignoreProtectedModeSettings=false, requireWindowFocus=false, handlesAlerts=true, initialBrowserUrl=http://localhost:9759/, ie.forceCreateProcessApi=false, nativeEvents=true, browserAttachTimeout=0, ie.browserCommandLineSwitches=, takesScreenshot=true}]
Command duration or timeout: 365 milliseconds
For documentation on this error, please visit: http://seleniumhq.org/exceptions/stale_element_reference.html
Build info: version: &apos;2.38.0&apos;, revision: &apos;bd32d4e&apos;, time: &apos;2013-12-05 16:15:38&apos;
System info: host: &apos;na1dpkapl1111v.na.pubgroupe.net&apos;, ip: &apos;10.10.10.34&apos;, os.name: &apos;Linux&apos;, os.arch: &apos;amd64&apos;, os.version: &apos;2.6.32-358.23.2.el6.x86_64&apos;, java.version: &apos;1.6.0_24&apos;
Session ID: 9c7313a07a00d149530a67b960838ee3c4e4c89b
Driver info: org.openqa.selenium.remote.RemoteWebDriver
Capabilities [{platform=WINDOWS, javascriptEnabled=true, elementScrollBehavior=0, ignoreZoomSetting=false, enablePersistentHover=true, ie.ensureCleanSession=false, browserName=internet explorer, enableElementCacheCleanup=true, unexpectedAlertBehaviour=dismiss, webdriver.remote.sessionid=9c7313a07a00d149530a67b960838ee3c4e4c89b, version=7, ie.usePerProcessProxy=false, ignoreProtectedModeSettings=false, cssSelectorsEnabled=true, requireWindowFocus=false, handlesAlerts=true, initialBrowserUrl=http://localhost:9759/, ie.forceCreateProcessApi=false, nativeEvents=true, browserAttachTimeout=0, ie.browserCommandLineSwitches=, takesScreenshot=true}]" type="org.openqa.selenium.StaleElementReferenceException">org.openqa.selenium.StaleElementReferenceException: Element is no longer valid (WARNING: The server did not provide any stacktrace information)
Command duration or timeout: 110 milliseconds
For documentation on this error, please visit: http://seleniumhq.org/exceptions/stale_element_reference.html
Build info: version: &apos;2.39.0&apos;, revision: &apos;ff23eac&apos;, time: &apos;2013-12-16 16:11:15&apos;
System info: host: &apos;ip-0A7639FA&apos;, ip: &apos;208.52.148.85&apos;, os.name: &apos;windows&apos;, os.arch: &apos;x86&apos;, os.version: &apos;5.2&apos;, java.version: &apos;1.7.0_51&apos;
Session ID: 7a1453f0-05a9-49af-b0e0-704cd2c0318f
Driver info: org.openqa.selenium.ie.InternetExplorerDriver
Capabilities [{platform=WINDOWS, javascriptEnabled=true, elementScrollBehavior=0, ignoreZoomSetting=false, enablePersistentHover=true, ie.ensureCleanSession=false, browserName=internet explorer, enableElementCacheCleanup=true, unexpectedAlertBehaviour=dismiss, version=7, ie.usePerProcessProxy=false, cssSelectorsEnabled=true, ignoreProtectedModeSettings=false, requireWindowFocus=false, handlesAlerts=true, initialBrowserUrl=http://localhost:9759/, ie.forceCreateProcessApi=false, nativeEvents=true, browserAttachTimeout=0, ie.browserCommandLineSwitches=, takesScreenshot=true}]
Command duration or timeout: 365 milliseconds
For documentation on this error, please visit: http://seleniumhq.org/exceptions/stale_element_reference.html
Build info: version: &apos;2.38.0&apos;, revision: &apos;bd32d4e&apos;, time: &apos;2013-12-05 16:15:38&apos;
System info: host: &apos;na1dpkapl1111v.na.pubgroupe.net&apos;, ip: &apos;10.10.10.34&apos;, os.name: &apos;Linux&apos;, os.arch: &apos;amd64&apos;, os.version: &apos;2.6.32-358.23.2.el6.x86_64&apos;, java.version: &apos;1.6.0_24&apos;
Session ID: 9c7313a07a00d149530a67b960838ee3c4e4c89b
Driver info: org.openqa.selenium.remote.RemoteWebDriver
Capabilities [{platform=WINDOWS, javascriptEnabled=true, elementScrollBehavior=0, ignoreZoomSetting=false, enablePersistentHover=true, ie.ensureCleanSession=false, browserName=internet explorer, enableElementCacheCleanup=true, unexpectedAlertBehaviour=dismiss, webdriver.remote.sessionid=9c7313a07a00d149530a67b960838ee3c4e4c89b, version=7, ie.usePerProcessProxy=false, ignoreProtectedModeSettings=false, cssSelectorsEnabled=true, requireWindowFocus=false, handlesAlerts=true, initialBrowserUrl=http://localhost:9759/, ie.forceCreateProcessApi=false, nativeEvents=true, browserAttachTimeout=0, ie.browserCommandLineSwitches=, takesScreenshot=true}]
	at java.lang.reflect.Constructor.newInstance(Constructor.java:534)
	at org.openqa.selenium.remote.ErrorHandler.createThrowable(ErrorHandler.java:193)
	at org.openqa.selenium.remote.ErrorHandler.throwIfResponseFailed(ErrorHandler.java:145)
	at org.openqa.selenium.remote.RemoteWebDriver.execute(RemoteWebDriver.java:554)
	at org.openqa.selenium.remote.RemoteWebElement.execute(RemoteWebElement.java:268)
	at org.openqa.selenium.remote.RemoteWebElement.clear(RemoteWebElement.java:113)
	at com.duck.tests.BrowserStack.testPageLoadsBrowserStack(BrowserStack.java:40)
Caused by: org.openqa.selenium.remote.ScreenshotException: Screen shot has been taken
Build info: version: &apos;2.38.0&apos;, revision: &apos;bd32d4e&apos;, time: &apos;2013-12-05 16:15:38&apos;
System info: host: &apos;na1dpkapl1111v.na.pubgroupe.net&apos;, ip: &apos;10.10.10.34&apos;, os.name: &apos;Linux&apos;, os.arch: &apos;amd64&apos;, os.version: &apos;2.6.32-358.23.2.el6.x86_64&apos;, java.version: &apos;1.6.0_24&apos;
Driver info: driver.version: RemoteWebDriver
	at org.openqa.selenium.remote.ErrorHandler.throwIfResponseFailed(ErrorHandler.java:125)
Caused by: org.openqa.selenium.StaleElementReferenceException: Element is no longer valid (WARNING: The server did not provide any stacktrace information)
Command duration or timeout: 110 milliseconds
For documentation on this error, please visit: http://seleniumhq.org/exceptions/stale_element_reference.html
Build info: version: &apos;2.39.0&apos;, revision: &apos;ff23eac&apos;, time: &apos;2013-12-16 16:11:15&apos;
System info: host: &apos;ip-0A7639FA&apos;, ip: &apos;208.52.148.85&apos;, os.name: &apos;windows&apos;, os.arch: &apos;x86&apos;, os.version: &apos;5.2&apos;, java.version: &apos;1.7.0_51&apos;
Session ID: 7a1453f0-05a9-49af-b0e0-704cd2c0318f
Driver info: org.openqa.selenium.ie.InternetExplorerDriver
Capabilities [{platform=WINDOWS, javascriptEnabled=true, elementScrollBehavior=0, ignoreZoomSetting=false, enablePersistentHover=true, ie.ensureCleanSession=false, browserName=internet explorer, enableElementCacheCleanup=true, unexpectedAlertBehaviour=dismiss, version=7, ie.usePerProcessProxy=false, cssSelectorsEnabled=true, ignoreProtectedModeSettings=false, requireWindowFocus=false, handlesAlerts=true, initialBrowserUrl=http://localhost:9759/, ie.forceCreateProcessApi=false, nativeEvents=true, browserAttachTimeout=0, ie.browserCommandLineSwitches=, takesScreenshot=true}]
For documentation on this error, please visit: http://seleniumhq.org/exceptions/stale_element_reference.html
Build info: version: &apos;2.38.0&apos;, revision: &apos;bd32d4e&apos;, time: &apos;2013-12-05 16:15:38&apos;
System info: host: &apos;na1dpkapl1111v.na.pubgroupe.net&apos;, ip: &apos;10.10.10.34&apos;, os.name: &apos;Linux&apos;, os.arch: &apos;amd64&apos;, os.version: &apos;2.6.32-358.23.2.el6.x86_64&apos;, java.version: &apos;1.6.0_24&apos;
Driver info: driver.version: RemoteWebDriver
	at java.lang.reflect.Constructor.newInstance(Unknown Source)
	at org.openqa.selenium.remote.ErrorHandler.createThrowable(ErrorHandler.java:193)
	at org.openqa.selenium.remote.ErrorHandler.throwIfResponseFailed(ErrorHandler.java:145)
	at org.openqa.selenium.remote.RemoteWebDriver.execute(RemoteWebDriver.java:554)
	at org.openqa.selenium.remote.RemoteWebElement.execute(RemoteWebElement.java:268)
	at org.openqa.selenium.remote.RemoteWebElement.clear(RemoteWebElement.java:113)
	at org.openqa.selenium.support.events.EventFiringWebDriver$EventFiringWebElement$1.invoke(EventFiringWebDriver.java:331)
	at com.sun.proxy.$Proxy3.clear(Unknown Source)
	at org.openqa.selenium.support.events.EventFiringWebDriver$EventFiringWebElement.clear(EventFiringWebDriver.java:360)
	at org.openqa.selenium.remote.server.KnownElements$1.invoke(KnownElements.java:63)
	at com.sun.proxy.$Proxy4.clear(Unknown Source)
	at org.openqa.selenium.remote.server.handler.ClearElement.call(ClearElement.java:35)
	at org.openqa.selenium.remote.server.handler.ClearElement.call(ClearElement.java:1)
	at java.util.concurrent.FutureTask.run(Unknown Source)
	at org.openqa.selenium.remote.server.DefaultSession$1.run(DefaultSession.java:170)
	at java.util.concurrent.ThreadPoolExecutor.runWorker(Unknown Source)
	at java.util.concurrent.ThreadPoolExecutor$Worker.run(Unknown Source)
	at java.lang.Thread.run(Unknown Source)
</error>
  </testcase>
  <system-out><![CDATA[]]></system-out>
  <system-err><![CDATA[]]></system-err>
</testsuite>
